/*C6*/SET SCHEMA PUBLIC
drop table Pages
SET SCHEMA SYSTEM_LOBS
DELETE FROM LOB_IDS WHERE LOB_ID=503
INSERT INTO LOB_IDS VALUES(503,46,0,40)
DELETE FROM LOB_IDS WHERE LOB_ID=504
INSERT INTO LOB_IDS VALUES(504,46,0,40)
DELETE FROM LOB_IDS WHERE LOB_ID=505
INSERT INTO LOB_IDS VALUES(505,46,0,40)
DELETE FROM LOB_IDS WHERE LOB_ID=506
INSERT INTO LOB_IDS VALUES(506,46,0,40)
DELETE FROM LOB_IDS WHERE LOB_ID=507
INSERT INTO LOB_IDS VALUES(507,46,0,40)
COMMIT
/*C8*/SET SCHEMA PUBLIC
create table if not exists Pages (Id integer identity primary key, Name varchar(255), Content clob)
/*C1*/SET SCHEMA SYSTEM_LOBS
INSERT INTO LOB_IDS VALUES(508,46,0,40)
ALTER SEQUENCE SYSTEM_LOBS.LOB_ID RESTART WITH 509
COMMIT
DELETE FROM BLOCKS WHERE BLOCK_ADDR=507
INSERT INTO BLOCKS VALUES(507,1,0)
INSERT INTO BLOCKS VALUES(508,2147483139,0)
DELETE FROM BLOCKS WHERE BLOCK_ADDR=507
INSERT INTO LOBS VALUES(507,1,0,508)
COMMIT
/*C8*/INSERT INTO PAGES VALUES(0,'The title for first page.',508)
SET SCHEMA SYSTEM_LOBS
DELETE FROM LOB_IDS WHERE LOB_ID=508
INSERT INTO LOB_IDS VALUES(508,46,1,40)
COMMIT
/*C1*/INSERT INTO LOB_IDS VALUES(509,46,0,40)
ALTER SEQUENCE SYSTEM_LOBS.LOB_ID RESTART WITH 510
COMMIT
DELETE FROM BLOCKS WHERE BLOCK_ADDR=508
INSERT INTO BLOCKS VALUES(508,1,0)
INSERT INTO BLOCKS VALUES(509,2147483138,0)
DELETE FROM BLOCKS WHERE BLOCK_ADDR=508
INSERT INTO LOBS VALUES(508,1,0,509)
COMMIT
/*C6*/SET SCHEMA PUBLIC
INSERT INTO PAGES VALUES(1,'The title for second page.',509)
SET SCHEMA SYSTEM_LOBS
DELETE FROM LOB_IDS WHERE LOB_ID=509
INSERT INTO LOB_IDS VALUES(509,46,1,40)
COMMIT
/*C1*/INSERT INTO LOB_IDS VALUES(510,46,0,40)
ALTER SEQUENCE SYSTEM_LOBS.LOB_ID RESTART WITH 511
COMMIT
DELETE FROM BLOCKS WHERE BLOCK_ADDR=509
INSERT INTO BLOCKS VALUES(509,1,0)
INSERT INTO BLOCKS VALUES(510,2147483137,0)
DELETE FROM BLOCKS WHERE BLOCK_ADDR=509
INSERT INTO LOBS VALUES(509,1,0,510)
COMMIT
/*C8*/SET SCHEMA PUBLIC
INSERT INTO PAGES VALUES(2,'The title for three page.',510)
SET SCHEMA SYSTEM_LOBS
DELETE FROM LOB_IDS WHERE LOB_ID=510
INSERT INTO LOB_IDS VALUES(510,46,1,40)
COMMIT
/*C1*/INSERT INTO LOB_IDS VALUES(511,46,0,40)
ALTER SEQUENCE SYSTEM_LOBS.LOB_ID RESTART WITH 512
COMMIT
DELETE FROM BLOCKS WHERE BLOCK_ADDR=510
INSERT INTO BLOCKS VALUES(510,1,0)
INSERT INTO BLOCKS VALUES(511,2147483136,0)
DELETE FROM BLOCKS WHERE BLOCK_ADDR=510
INSERT INTO LOBS VALUES(510,1,0,511)
COMMIT
/*C6*/SET SCHEMA PUBLIC
INSERT INTO PAGES VALUES(3,'The title for four page.',511)
SET SCHEMA SYSTEM_LOBS
DELETE FROM LOB_IDS WHERE LOB_ID=511
INSERT INTO LOB_IDS VALUES(511,46,1,40)
COMMIT
/*C1*/INSERT INTO LOB_IDS VALUES(512,46,0,40)
ALTER SEQUENCE SYSTEM_LOBS.LOB_ID RESTART WITH 513
COMMIT
DELETE FROM BLOCKS WHERE BLOCK_ADDR=511
INSERT INTO BLOCKS VALUES(511,1,0)
INSERT INTO BLOCKS VALUES(512,2147483135,0)
DELETE FROM BLOCKS WHERE BLOCK_ADDR=511
INSERT INTO LOBS VALUES(511,1,0,512)
COMMIT
/*C8*/SET SCHEMA PUBLIC
INSERT INTO PAGES VALUES(4,'The title for five page.',512)
SET SCHEMA SYSTEM_LOBS
DELETE FROM LOB_IDS WHERE LOB_ID=512
INSERT INTO LOB_IDS VALUES(512,46,1,40)
COMMIT
/*C1*/INSERT INTO LOB_IDS VALUES(513,46,0,40)
ALTER SEQUENCE SYSTEM_LOBS.LOB_ID RESTART WITH 514
COMMIT
DELETE FROM BLOCKS WHERE BLOCK_ADDR=512
INSERT INTO BLOCKS VALUES(512,1,0)
INSERT INTO BLOCKS VALUES(513,2147483134,0)
DELETE FROM BLOCKS WHERE BLOCK_ADDR=512
INSERT INTO LOBS VALUES(512,1,0,513)
COMMIT
/*C8*/SET SCHEMA PUBLIC
INSERT INTO PAGES VALUES(5,'hn',513)
SET SCHEMA SYSTEM_LOBS
DELETE FROM LOB_IDS WHERE LOB_ID=513
INSERT INTO LOB_IDS VALUES(513,46,1,40)
COMMIT
SET SCHEMA PUBLIC
DELETE FROM PAGES WHERE ID=5
SET SCHEMA SYSTEM_LOBS
DELETE FROM LOB_IDS WHERE LOB_ID=513
INSERT INTO LOB_IDS VALUES(513,46,0,40)
COMMIT
